<?xml version="1.0" encoding="UTF-8"?>
<testsuite name="Seleccionar una fecha en el calendario" tests="1" skipped="0" failures="0" errors="0" timestamp="2021-12-28T22:27:55" hostname="22LAP5CD1346NKF" time="19.029">
  <properties/>
  <testcase name="Seleccionar la fecha escogida" classname="Seleccionar una fecha en el calendario" time="19.029"/>
  <system-out><![CDATA[17:27:56.705 [Test worker] INFO net.serenitybdd.core.webdriver.driverproviders.ProvideNewDriver - Instantiating driver
17:27:56.705 [Test worker] INFO net.serenitybdd.core.webdriver.driverproviders.ProvideNewDriver - Driver capabilities: Capabilities {acceptInsecureCerts: false, acceptSslCerts: true, browserName: chrome, goog:chromeOptions: {args: [], extensions: []}, incognito: true, loggingPrefs: org.openqa.selenium.logging..., platform: ANY, version: }
17:28:02.977 [Test worker] DEBUG net.serenitybdd.core.photography.Darkroom - Opening darkroom
17:28:02.978 [Darkroom Processing Line] DEBUG net.serenitybdd.core.photography.DarkroomProcessingLine - Darkroom processing line starting up
17:28:03.168 [Test worker] DEBUG net.serenitybdd.core.photography.Darkroom - Send negative for processing for C:\EJERCICIOS_BOOTCAMP\Retos\Project_WebdriverUniversity_Calendario\target\site\serenity\6f50a4fbafc9dbfcea89bcea1ba7c798891805dbb3bf8b95dfd9293ff9e02273.png
17:28:03.751 [Test worker] DEBUG net.serenitybdd.core.photography.Darkroom - Send negative for processing for C:\EJERCICIOS_BOOTCAMP\Retos\Project_WebdriverUniversity_Calendario\target\site\serenity\5006c11bb11bff9d705b61df7ee092ddb32adb22bbb3a1b638cf09060eac38f8.png
12
17:28:12.899 [Test worker] DEBUG net.serenitybdd.core.photography.Darkroom - Send negative for processing for C:\EJERCICIOS_BOOTCAMP\Retos\Project_WebdriverUniversity_Calendario\target\site\serenity\3bc0ae0977ef20ad0153e0f00b9e70f04d8e946c270cf77575caaeff76b472dd.png
17:28:12.901 [Darkroom Processing Line] DEBUG net.serenitybdd.core.photography.DarkroomProcessingLine - Processing screenshot image in /var/screenshots/screenshot-5292805337385519802
17:28:12.902 [Darkroom Processing Line] DEBUG net.serenitybdd.core.photography.DarkroomProcessingLine - Saving screenshot to C:\EJERCICIOS_BOOTCAMP\Retos\Project_WebdriverUniversity_Calendario\target\site\serenity\3bc0ae0977ef20ad0153e0f00b9e70f04d8e946c270cf77575caaeff76b472dd.png
17:28:14.684 [Test worker] INFO net.thucydides.core.steps.ConsoleLoggingListener - ?[92m
        __    _____ _____ ____ _____   ____   _    ____  ____  _____ ____  
  _     \ \  |_   _| ____/ ___|_   _| |  _ \ / \  / ___|/ ___|| ____|  _ \ 
 (_)_____| |   | | |  _| \___ \ | |   | |_) / _ \ \___ \\___ \|  _| | | | |
  _|_____| |   | | | |___ ___) || |   |  __/ ___ \ ___) |___) | |___| |_| |
 (_)     | |   |_| |_____|____/ |_|   |_| /_/   \_\____/|____/|_____|____/ 
        /_/                                                                

TEST PASSED: Seleccionar la fecha escogida
----------------------------------------------------------------------------?[0m
]]></system-out>
  <system-err><![CDATA[dic 28, 2021 5:27:56 PM org.openqa.selenium.remote.DesiredCapabilities chrome
INFORMACIÓN: Using `new ChromeOptions()` is preferred to `DesiredCapabilities.chrome()`
Starting ChromeDriver 96.0.4664.45 (76e4c1bb2ab4671b8beba3444e61c0f17584b2fc-refs/branch-heads/4664@{#947}) on port 14497
Only local connections are allowed.
Please see https://chromedriver.chromium.org/security-considerations for suggestions on keeping ChromeDriver safe.
ChromeDriver was started successfully.
dic 28, 2021 5:28:00 PM org.openqa.selenium.remote.ProtocolHandshake createSession
INFORMACIÓN: Detected dialect: W3C
]]></system-err>
</testsuite>
