<?xml version="1.0" encoding="UTF-8"?>
<testsuite name="com.indra.runners.DatePickerRunners" tests="0" skipped="0" failures="0" errors="0" timestamp="1970-01-01T00:00:00" hostname="22LAP5CD1346NKF" time="0.0">
  <properties/>
  <system-out><![CDATA[17:27:54.804 [Test worker] DEBUG net.thucydides.core.util.PropertiesFileLocalPreferences - LOADING LOCAL PROPERTIES FROM C:\EJERCICIOS_BOOTCAMP\Retos\Project_WebdriverUniversity_Calendario\serenity.properties 
17:27:54.881 [Test worker] DEBUG net.thucydides.core.util.PropertiesFileLocalPreferences - LOADING LOCAL PROPERTIES FROM C:\EJERCICIOS_BOOTCAMP\Retos\Project_WebdriverUniversity_Calendario\serenity.properties 
17:27:54.882 [Test worker] DEBUG net.thucydides.core.util.PropertiesFileLocalPreferences - LOADING LOCAL PROPERTIES FROM C:\EJERCICIOS_BOOTCAMP\Retos\Project_WebdriverUniversity_Calendario\serenity.properties 
17:27:54.896 [Test worker] DEBUG net.thucydides.core.util.PropertiesFileLocalPreferences - webdriver.driver=chrome
17:27:54.896 [Test worker] DEBUG net.thucydides.core.util.PropertiesFileLocalPreferences - chrome.capabilities.incognito=true
17:27:54.897 [Test worker] DEBUG net.thucydides.core.util.PropertiesFileLocalPreferences - webdriver.chrome.driver=src/test/resources/drivers/chromedriver.exe
17:27:54.897 [Test worker] DEBUG net.thucydides.core.util.PropertiesFileLocalPreferences - chrome.capabilities.acceptSslCerts=true
17:27:54.897 [Test worker] DEBUG net.thucydides.core.util.PropertiesFileLocalPreferences - serenity.console.colors=true
17:27:54.897 [Test worker] DEBUG net.thucydides.core.util.PropertiesFileLocalPreferences - webdriver.base.url=https://webdriveruniversity.com/Datepicker/
17:27:54.897 [Test worker] DEBUG net.thucydides.core.util.PropertiesFileLocalPreferences - serenity.project.name=Dojo Serenity / Cucumber
17:27:54.897 [Test worker] DEBUG net.thucydides.core.util.PropertiesFileLocalPreferences - webdriver.wait.for.timeout=6000
17:27:54.898 [Test worker] DEBUG net.thucydides.core.util.PropertiesFileLocalPreferences - serenity.use.unique.browser=true
17:27:54.898 [Test worker] DEBUG net.thucydides.core.util.PropertiesFileLocalPreferences - webdriver.timeouts.implicitlywait=10000
17:27:54.898 [Test worker] DEBUG net.thucydides.core.util.PropertiesFileLocalPreferences - serenity.browser.maximized=true
17:27:55.338 [Test worker] DEBUG net.thucydides.core.util.PropertiesFileLocalPreferences - LOADING LOCAL PROPERTIES FROM C:\EJERCICIOS_BOOTCAMP\Retos\Project_WebdriverUniversity_Calendario\serenity.properties 
17:27:55.349 [Test worker] DEBUG net.thucydides.core.util.PropertiesFileLocalPreferences - LOADING LOCAL PROPERTIES FROM C:\EJERCICIOS_BOOTCAMP\Retos\Project_WebdriverUniversity_Calendario\serenity.properties 
17:27:55.352 [Test worker] DEBUG net.thucydides.core.util.PropertiesFileLocalPreferences - LOADING LOCAL PROPERTIES FROM C:\EJERCICIOS_BOOTCAMP\Retos\Project_WebdriverUniversity_Calendario\serenity.properties 
17:27:55.355 [Test worker] DEBUG net.thucydides.core.util.PropertiesFileLocalPreferences - webdriver.driver=chrome
17:27:55.355 [Test worker] DEBUG net.thucydides.core.util.PropertiesFileLocalPreferences - chrome.capabilities.incognito=true
17:27:55.356 [Test worker] DEBUG net.thucydides.core.util.PropertiesFileLocalPreferences - webdriver.chrome.driver=src/test/resources/drivers/chromedriver.exe
17:27:55.356 [Test worker] DEBUG net.thucydides.core.util.PropertiesFileLocalPreferences - chrome.capabilities.acceptSslCerts=true
17:27:55.356 [Test worker] DEBUG net.thucydides.core.util.PropertiesFileLocalPreferences - serenity.console.colors=true
17:27:55.356 [Test worker] DEBUG net.thucydides.core.util.PropertiesFileLocalPreferences - webdriver.base.url=https://webdriveruniversity.com/Datepicker/
17:27:55.357 [Test worker] DEBUG net.thucydides.core.util.PropertiesFileLocalPreferences - serenity.project.name=Dojo Serenity / Cucumber
17:27:55.357 [Test worker] DEBUG net.thucydides.core.util.PropertiesFileLocalPreferences - webdriver.wait.for.timeout=6000
17:27:55.357 [Test worker] DEBUG net.thucydides.core.util.PropertiesFileLocalPreferences - serenity.use.unique.browser=true
17:27:55.358 [Test worker] DEBUG net.thucydides.core.util.PropertiesFileLocalPreferences - webdriver.timeouts.implicitlywait=10000
17:27:55.358 [Test worker] DEBUG net.thucydides.core.util.PropertiesFileLocalPreferences - serenity.browser.maximized=true
17:27:55.374 [Test worker] INFO net.thucydides.core.steps.ConsoleLoggingListener - ?[96m

-------------------------------------------------------------------------------------
     _______. _______ .______       _______ .__   __.  __  .___________.____    ____ 
    /       ||   ____||   _  \     |   ____||  \ |  | |  | |           |\   \  /   / 
   |   (----`|  |__   |  |_)  |    |  |__   |   \|  | |  | `---|  |----` \   \/   /  
    \   \    |   __|  |      /     |   __|  |  . `  | |  |     |  |       \_    _/   
.----)   |   |  |____ |  |\  \----.|  |____ |  |\   | |  |     |  |         |  |     
|_______/    |_______|| _| `._____||_______||__| \__| |__|     |__|         |__|    
                                                                                     
 News and tutorials at http://www.serenity-bdd.info                                  
 Documentation at https://wakaleo.gitbooks.io/the-serenity-book/content/             
 Join the Serenity Community on Rocket Chat at https://serenity-bdd.rocket.chat      
 Serenity BDD Support and Training at http://serenity-bdd.info/#/trainingandsupport  
 Learn Serenity BDD online at http://serenity-dojo.com                               
-------------------------------------------------------------------------------------
?[0m
17:27:55.386 [Test worker] DEBUG net.thucydides.core.steps.StepEventBus - Test suite started for story net.thucydides.core.model.Story@2bd8d29f
17:27:55.390 [Test worker] INFO net.thucydides.core.steps.ConsoleLoggingListener - Test Suite Started: Seleccionar una fecha en el calendario
17:27:55.469 [Test worker] INFO net.thucydides.core.steps.ConsoleLoggingListener - 
 _____ _____ ____ _____   ____ _____  _    ____ _____ _____ ____  
|_   _| ____/ ___|_   _| / ___|_   _|/ \  |  _ \_   _| ____|  _ \ 
  | | |  _| \___ \ | |   \___ \ | | / _ \ | |_) || | |  _| | | | |
  | | | |___ ___) || |    ___) || |/ ___ \|  _ < | | | |___| |_| |
  |_| |_____|____/ |_|   |____/ |_/_/   \_\_| \_\|_| |_____|____/ 
                                                                  

TEST STARTED: Seleccionar la fecha escogida
-------------------------------------------------------------------(seleccionar-una-fecha-en-el-calendario;seleccionar-la-fecha-escogida)
17:27:55.612 [Test worker] DEBUG net.thucydides.core.requirements.model.cucumber.CucumberParser - Found no Cucumber 4.2.6 class cucumber.runtime.model.FeatureLoader try Cucumber 4.2.0 
17:27:55.613 [Test worker] DEBUG net.thucydides.core.requirements.model.cucumber.CucumberParser - Found no Cucumber 4.2.0 class cucumber.runtime.model.FeatureLoader try Cucumber 2.x.x 
17:28:14.690 [Test worker] DEBUG net.thucydides.core.reports.ReportService - Reporting formats: [JSON, HTML]
17:28:14.772 [Test worker] DEBUG net.thucydides.core.reports.ReportService - Reporting formats: [JSON, HTML]
17:28:14.792 [Test worker] DEBUG net.thucydides.core.reports.ReportService - Generating reports for 1 test outcomes using: net.thucydides.core.reports.json.JSONTestOutcomeReporter@26d893fa
17:28:14.793 [pool-1-thread-1] DEBUG net.thucydides.core.reports.ReportService - Processing test outcome Seleccionar una fecha en el calendario:Seleccionar la fecha escogida
17:28:14.793 [pool-1-thread-1] DEBUG net.thucydides.core.reports.ReportService - net.thucydides.core.reports.json.JSONTestOutcomeReporter@26d893fa: Generating report for test outcome: Seleccionar una fecha en el calendario:Seleccionar la fecha escogida
17:28:14.797 [pool-1-thread-1] DEBUG net.thucydides.core.reports.json.JSONTestOutcomeReporter - Generating JSON report for Seleccionar la fecha escogida to file C:\EJERCICIOS_BOOTCAMP\Retos\Project_WebdriverUniversity_Calendario\target\site\serenity\2f05f87e2e9c870b73c9a64f226371f74b3d1939bd16c36944bd06585cbc7e88.json (using temp file C:\EJERCICIOS_BOOTCAMP\Retos\Project_WebdriverUniversity_Calendario\target\site\serenity\2f05f87e2e9c870b73c9a64f226371f74b3d1939bd16c36944bd06585cbc7e88.json095f046e-e349-4b01-96dd-011d17938619)
17:28:14.850 [pool-1-thread-1] DEBUG net.thucydides.core.reports.ReportService - Processing test outcome Seleccionar una fecha en el calendario:Seleccionar la fecha escogida done
17:28:14.851 [Test worker] DEBUG net.thucydides.core.reports.ReportService - Shutting down executor service
17:28:14.851 [Test worker] DEBUG net.thucydides.core.reports.ReportService - Reports generated in: 59 ms
17:28:14.851 [Test worker] DEBUG net.thucydides.core.reports.ReportService - Generating reports for 1 test outcomes using: net.thucydides.core.reports.html.HtmlAcceptanceTestReporter@29c66a05
17:28:14.851 [pool-2-thread-1] DEBUG net.thucydides.core.reports.ReportService - Processing test outcome Seleccionar una fecha en el calendario:Seleccionar la fecha escogida
17:28:14.851 [pool-2-thread-1] DEBUG net.thucydides.core.reports.ReportService - net.thucydides.core.reports.html.HtmlAcceptanceTestReporter@29c66a05: Generating report for test outcome: Seleccionar una fecha en el calendario:Seleccionar la fecha escogida
17:28:14.852 [pool-2-thread-1] DEBUG net.thucydides.core.reports.html.HtmlAcceptanceTestReporter - GENERATE TEST OUTCOME REPORT FOR Seleccionar la fecha escogida in 2f05f87e2e9c870b73c9a64f226371f74b3d1939bd16c36944bd06585cbc7e88
17:28:14.885 [pool-2-thread-1] DEBUG net.thucydides.core.requirements.model.cucumber.CucumberParser - Found no Cucumber 4.2.6 class cucumber.runtime.model.FeatureLoader try Cucumber 4.2.0 
17:28:14.886 [pool-2-thread-1] DEBUG net.thucydides.core.requirements.model.cucumber.CucumberParser - Found no Cucumber 4.2.0 class cucumber.runtime.model.FeatureLoader try Cucumber 2.x.x 
17:28:14.890 [pool-2-thread-1] DEBUG net.thucydides.core.requirements.RequirementsTagProvider -  found:[Requirement{name='Calendario', type='capability' parent = 'null', cardNumber='null'}]
17:28:14.896 [pool-2-thread-1] DEBUG net.thucydides.core.requirements.BaseRequirementsService - Requirement found for test outcome Seleccionar la fecha escogida-[]: Optional[Requirement{name='Seleccionar una fecha en el calendario', type='feature' parent = 'Calendario', cardNumber='null'}]
17:28:14.897 [pool-2-thread-1] DEBUG net.thucydides.core.requirements.BaseRequirementsService - Requirement found for test outcome Seleccionar la fecha escogida-[]: Optional[Requirement{name='Seleccionar una fecha en el calendario', type='feature' parent = 'Calendario', cardNumber='null'}]
17:28:14.935 [pool-2-thread-1] DEBUG net.thucydides.core.requirements.BaseRequirementsService - Requirement found for test outcome Seleccionar la fecha escogida-[]: Optional[Requirement{name='Seleccionar una fecha en el calendario', type='feature' parent = 'Calendario', cardNumber='null'}]
17:28:14.936 [pool-2-thread-1] DEBUG net.thucydides.core.requirements.BaseRequirementsService - Requirement found for test outcome Seleccionar la fecha escogida-[]: Optional[Requirement{name='Seleccionar una fecha en el calendario', type='feature' parent = 'Calendario', cardNumber='null'}]
17:28:15.186 [pool-2-thread-1] DEBUG net.thucydides.core.reports.html.HtmlAcceptanceTestReporter - Generating report in 2f05f87e2e9c870b73c9a64f226371f74b3d1939bd16c36944bd06585cbc7e88_screenshots.html
17:28:15.753 [pool-2-thread-1] DEBUG net.thucydides.core.reports.html.HtmlAcceptanceTestReporter - Generated report 2f05f87e2e9c870b73c9a64f226371f74b3d1939bd16c36944bd06585cbc7e88_screenshots.html in 567 ms
17:28:15.755 [pool-2-thread-1] DEBUG net.thucydides.core.reports.html.HtmlAcceptanceTestReporter - GENERATING HTML REPORT FOR Seleccionar una fecha en el calendario:Seleccionar la fecha escogida in 2f05f87e2e9c870b73c9a64f226371f74b3d1939bd16c36944bd06585cbc7e88.html in directory C:\EJERCICIOS_BOOTCAMP\Retos\Project_WebdriverUniversity_Calendario\target\site\serenity  
17:28:15.760 [pool-2-thread-1] DEBUG net.thucydides.core.reports.html.HtmlAcceptanceTestReporter - Generating report in 2f05f87e2e9c870b73c9a64f226371f74b3d1939bd16c36944bd06585cbc7e88.html
17:28:15.916 [pool-2-thread-1] DEBUG net.thucydides.core.reports.html.HtmlAcceptanceTestReporter - Generated report 2f05f87e2e9c870b73c9a64f226371f74b3d1939bd16c36944bd06585cbc7e88.html in 156 ms
17:28:15.917 [pool-2-thread-1] DEBUG net.thucydides.core.reports.ReportService - Processing test outcome Seleccionar una fecha en el calendario:Seleccionar la fecha escogida done
17:28:15.917 [Test worker] DEBUG net.thucydides.core.reports.ReportService - Shutting down executor service
17:28:15.918 [Test worker] DEBUG net.thucydides.core.reports.ReportService - Reports generated in: 1067 ms
17:28:16.155 [Test worker] DEBUG net.serenitybdd.core.photography.Darkroom - Closing darkroom
17:28:16.155 [Darkroom Processing Line] DEBUG net.serenitybdd.core.photography.DarkroomProcessingLine - Darkroom processing line shutting down

1 Scenarios (?[32m1 passed?[0m)
4 Steps (?[32m4 passed?[0m)
0m19,531s

]]></system-out>
  <system-err><![CDATA[]]></system-err>
</testsuite>
